


ARM Macro Assembler    Page 1 


    1 00000000         ;*******************************************************
                       ************************
    2 00000000         ;* File Name          : startup_stm32l432xx.s
    3 00000000         ;* Author             : MCD Application Team
    4 00000000         ;* Description        : STM32L432xx Ultra Low Power devi
                       ces vector table for MDK-ARM toolchain.
    5 00000000         ;*                      This module performs:
    6 00000000         ;*                      - Set the initial SP
    7 00000000         ;*                      - Set the initial PC == Reset_Ha
                       ndler
    8 00000000         ;*                      - Set the vector table entries w
                       ith the exceptions ISR address
    9 00000000         ;*                      - Branches to __main in the C li
                       brary (which eventually
   10 00000000         ;*                        calls main()).
   11 00000000         ;*                      After Reset the Cortex-M4 proces
                       sor is in Thread mode,
   12 00000000         ;*                      priority is Privileged, and the 
                       Stack is set to Main.
   13 00000000         ;*******************************************************
                       ************************
   14 00000000         ;*
   15 00000000         ;* <h2><center>&copy; Copyright (c) 2017 STMicroelectron
                       ics.
   16 00000000         ;* All rights reserved.</center></h2>
   17 00000000         ;*
   18 00000000         ;* This software component is licensed by ST under Apach
                       e License, Version 2.0,
   19 00000000         ;* the "License"; You may not use this file except in co
                       mpliance with the
   20 00000000         ;* License. You may obtain a copy of the License at:
   21 00000000         ;*                        opensource.org/licenses/Apache
                       -2.0
   22 00000000         ;*
   23 00000000         ;*******************************************************
                       ************************
   24 00000000         ;* <<< Use Configuration Wizard in Context Menu >>>
   25 00000000         ; Amount of memory (in bytes) allocated for Stack
   26 00000000         ; Tailor this value to your application needs
   27 00000000         ; <h> Stack Configuration
   28 00000000         ;   <o> Stack Size (in Bytes) <0x0-0xFFFFFFFF:8>
   29 00000000         ; </h>
   30 00000000         
   31 00000000 00000400 
                       Stack_Size
                               EQU              0x400
   32 00000000         
   33 00000000                 AREA             STACK, NOINIT, READWRITE, ALIGN
=3
   34 00000000         Stack_Mem
                               SPACE            Stack_Size
   35 00000400         __initial_sp
   36 00000400         
   37 00000400         
   38 00000400         ; <h> Heap Configuration
   39 00000400         ;   <o>  Heap Size (in Bytes) <0x0-0xFFFFFFFF:8>
   40 00000400         ; </h>
   41 00000400         
   42 00000400 00000200 



ARM Macro Assembler    Page 2 


                       Heap_Size
                               EQU              0x200
   43 00000400         
   44 00000400                 AREA             HEAP, NOINIT, READWRITE, ALIGN=
3
   45 00000000         __heap_base
   46 00000000         Heap_Mem
                               SPACE            Heap_Size
   47 00000200         __heap_limit
   48 00000200         
   49 00000200                 PRESERVE8
   50 00000200                 THUMB
   51 00000200         
   52 00000200         
   53 00000200         ; Vector Table Mapped to Address 0 at Reset
   54 00000200                 AREA             RESET, DATA, READONLY
   55 00000000                 EXPORT           __Vectors
   56 00000000                 EXPORT           __Vectors_End
   57 00000000                 EXPORT           __Vectors_Size
   58 00000000         
   59 00000000 00000000 
                       __Vectors
                               DCD              __initial_sp ; Top of Stack
   60 00000004 00000000        DCD              Reset_Handler ; Reset Handler
   61 00000008 00000000        DCD              NMI_Handler ; NMI Handler
   62 0000000C 00000000        DCD              HardFault_Handler ; Hard Fault 
                                                            Handler
   63 00000010 00000000        DCD              MemManage_Handler 
                                                            ; MPU Fault Handler
                                                            
   64 00000014 00000000        DCD              BusFault_Handler 
                                                            ; Bus Fault Handler
                                                            
   65 00000018 00000000        DCD              UsageFault_Handler ; Usage Faul
                                                            t Handler
   66 0000001C 00000000        DCD              0           ; Reserved
   67 00000020 00000000        DCD              0           ; Reserved
   68 00000024 00000000        DCD              0           ; Reserved
   69 00000028 00000000        DCD              0           ; Reserved
   70 0000002C 00000000        DCD              SVC_Handler ; SVCall Handler
   71 00000030 00000000        DCD              DebugMon_Handler ; Debug Monito
                                                            r Handler
   72 00000034 00000000        DCD              0           ; Reserved
   73 00000038 00000000        DCD              PendSV_Handler ; PendSV Handler
                                                            
   74 0000003C 00000000        DCD              SysTick_Handler 
                                                            ; SysTick Handler
   75 00000040         
   76 00000040         ; External Interrupts
   77 00000040 00000000        DCD              WWDG_IRQHandler 
                                                            ; Window WatchDog
   78 00000044 00000000        DCD              PVD_PVM_IRQHandler ; PVD/PVM1/P
                                                            VM2/PVM3/PVM4 throu
                                                            gh EXTI Line detect
                                                            ion
   79 00000048 00000000        DCD              TAMP_STAMP_IRQHandler ; Tamper 
                                                            and TimeStamps thro
                                                            ugh the EXTI line
   80 0000004C 00000000        DCD              RTC_WKUP_IRQHandler ; RTC Wakeu



ARM Macro Assembler    Page 3 


                                                            p through the EXTI 
                                                            line
   81 00000050 00000000        DCD              FLASH_IRQHandler ; FLASH
   82 00000054 00000000        DCD              RCC_IRQHandler ; RCC
   83 00000058 00000000        DCD              EXTI0_IRQHandler ; EXTI Line0
   84 0000005C 00000000        DCD              EXTI1_IRQHandler ; EXTI Line1
   85 00000060 00000000        DCD              EXTI2_IRQHandler ; EXTI Line2
   86 00000064 00000000        DCD              EXTI3_IRQHandler ; EXTI Line3
   87 00000068 00000000        DCD              EXTI4_IRQHandler ; EXTI Line4
   88 0000006C 00000000        DCD              DMA1_Channel1_IRQHandler 
                                                            ; DMA1 Channel 1
   89 00000070 00000000        DCD              DMA1_Channel2_IRQHandler 
                                                            ; DMA1 Channel 2
   90 00000074 00000000        DCD              DMA1_Channel3_IRQHandler 
                                                            ; DMA1 Channel 3
   91 00000078 00000000        DCD              DMA1_Channel4_IRQHandler 
                                                            ; DMA1 Channel 4
   92 0000007C 00000000        DCD              DMA1_Channel5_IRQHandler 
                                                            ; DMA1 Channel 5
   93 00000080 00000000        DCD              DMA1_Channel6_IRQHandler 
                                                            ; DMA1 Channel 6
   94 00000084 00000000        DCD              DMA1_Channel7_IRQHandler 
                                                            ; DMA1 Channel 7
   95 00000088 00000000        DCD              ADC1_IRQHandler ; ADC1
   96 0000008C 00000000        DCD              CAN1_TX_IRQHandler ; CAN1 TX
   97 00000090 00000000        DCD              CAN1_RX0_IRQHandler ; CAN1 RX0
   98 00000094 00000000        DCD              CAN1_RX1_IRQHandler ; CAN1 RX1
   99 00000098 00000000        DCD              CAN1_SCE_IRQHandler ; CAN1 SCE
  100 0000009C 00000000        DCD              EXTI9_5_IRQHandler ; External L
                                                            ine[9:5]s
  101 000000A0 00000000        DCD              TIM1_BRK_TIM15_IRQHandler ; TIM
                                                            1 Break and TIM15
  102 000000A4 00000000        DCD              TIM1_UP_TIM16_IRQHandler ; TIM1
                                                             Update and TIM16
  103 000000A8 00000000        DCD              TIM1_TRG_COM_IRQHandler ; TIM1 
                                                            Trigger and Commuta
                                                            tion
  104 000000AC 00000000        DCD              TIM1_CC_IRQHandler ; TIM1 Captu
                                                            re Compare
  105 000000B0 00000000        DCD              TIM2_IRQHandler ; TIM2
  106 000000B4 00000000        DCD              0           ; Reserved
  107 000000B8 00000000        DCD              0           ; Reserved
  108 000000BC 00000000        DCD              I2C1_EV_IRQHandler ; I2C1 Event
                                                            
  109 000000C0 00000000        DCD              I2C1_ER_IRQHandler ; I2C1 Error
                                                            
  110 000000C4 00000000        DCD              0           ; Reserved
  111 000000C8 00000000        DCD              0           ; Reserved
  112 000000CC 00000000        DCD              SPI1_IRQHandler ; SPI1
  113 000000D0 00000000        DCD              0           ; Reserved
  114 000000D4 00000000        DCD              USART1_IRQHandler ; USART1
  115 000000D8 00000000        DCD              USART2_IRQHandler ; USART2
  116 000000DC 00000000        DCD              0           ; Reserved
  117 000000E0 00000000        DCD              EXTI15_10_IRQHandler ; External
                                                             Line[15:10]
  118 000000E4 00000000        DCD              RTC_Alarm_IRQHandler ; RTC Alar
                                                            m (A and B) through
                                                             EXTI Line
  119 000000E8 00000000        DCD              0           ; Reserved



ARM Macro Assembler    Page 4 


  120 000000EC 00000000        DCD              0           ; Reserved
  121 000000F0 00000000        DCD              0           ; Reserved
  122 000000F4 00000000        DCD              0           ; Reserved
  123 000000F8 00000000        DCD              0           ; Reserved
  124 000000FC 00000000        DCD              0           ; Reserved
  125 00000100 00000000        DCD              0           ; Reserved
  126 00000104 00000000        DCD              0           ; Reserved
  127 00000108 00000000        DCD              0           ; Reserved
  128 0000010C 00000000        DCD              SPI3_IRQHandler ; SPI3
  129 00000110 00000000        DCD              0           ; Reserved
  130 00000114 00000000        DCD              0           ; Reserved
  131 00000118 00000000        DCD              TIM6_DAC_IRQHandler ; TIM6 and 
                                                            DAC1&2 underrun err
                                                            ors
  132 0000011C 00000000        DCD              TIM7_IRQHandler ; TIM7
  133 00000120 00000000        DCD              DMA2_Channel1_IRQHandler 
                                                            ; DMA2 Channel 1
  134 00000124 00000000        DCD              DMA2_Channel2_IRQHandler 
                                                            ; DMA2 Channel 2
  135 00000128 00000000        DCD              DMA2_Channel3_IRQHandler 
                                                            ; DMA2 Channel 3
  136 0000012C 00000000        DCD              DMA2_Channel4_IRQHandler 
                                                            ; DMA2 Channel 4
  137 00000130 00000000        DCD              DMA2_Channel5_IRQHandler 
                                                            ; DMA2 Channel 5
  138 00000134 00000000        DCD              0           ; Reserved
  139 00000138 00000000        DCD              0           ; Reserved
  140 0000013C 00000000        DCD              0           ; Reserved
  141 00000140 00000000        DCD              COMP_IRQHandler 
                                                            ; COMP Interrupt
  142 00000144 00000000        DCD              LPTIM1_IRQHandler 
                                                            ; LP TIM1 interrupt
                                                            
  143 00000148 00000000        DCD              LPTIM2_IRQHandler 
                                                            ; LP TIM2 interrupt
                                                            
  144 0000014C 00000000        DCD              USB_IRQHandler ; USB FS
  145 00000150 00000000        DCD              DMA2_Channel6_IRQHandler 
                                                            ; DMA2 Channel 6
  146 00000154 00000000        DCD              DMA2_Channel7_IRQHandler 
                                                            ; DMA2 Channel 7
  147 00000158 00000000        DCD              LPUART1_IRQHandler ; LP UART1 i
                                                            nterrupt
  148 0000015C 00000000        DCD              QUADSPI_IRQHandler ; Quad SPI g
                                                            lobal interrupt
  149 00000160 00000000        DCD              I2C3_EV_IRQHandler ; I2C3 event
                                                            
  150 00000164 00000000        DCD              I2C3_ER_IRQHandler ; I2C3 error
                                                            
  151 00000168 00000000        DCD              SAI1_IRQHandler ; Serial Audio 
                                                            Interface 1 global 
                                                            interrupt
  152 0000016C 00000000        DCD              0           ; Reserved
  153 00000170 00000000        DCD              SWPMI1_IRQHandler ; Serial Wire
                                                             Interface 1 global
                                                             interrupt
  154 00000174 00000000        DCD              TSC_IRQHandler ; Touch Sense Co
                                                            ntroller global int
                                                            errupt



ARM Macro Assembler    Page 5 


  155 00000178 00000000        DCD              0           ; Reserved
  156 0000017C 00000000        DCD              0           ; Reserved
  157 00000180 00000000        DCD              RNG_IRQHandler ; RNG global int
                                                            errupt
  158 00000184 00000000        DCD              FPU_IRQHandler ; FPU
  159 00000188 00000000        DCD              CRS_IRQHandler ; CRS interrupt
  160 0000018C         
  161 0000018C         __Vectors_End
  162 0000018C         
  163 0000018C 0000018C 
                       __Vectors_Size
                               EQU              __Vectors_End - __Vectors
  164 0000018C         
  165 0000018C                 AREA             |.text|, CODE, READONLY
  166 00000000         
  167 00000000         ; Reset handler
  168 00000000         Reset_Handler
                               PROC
  169 00000000                 EXPORT           Reset_Handler             [WEAK
]
  170 00000000                 IMPORT           SystemInit
  171 00000000                 IMPORT           __main
  172 00000000         
  173 00000000 4809            LDR              R0, =SystemInit
  174 00000002 4780            BLX              R0
  175 00000004 4809            LDR              R0, =__main
  176 00000006 4700            BX               R0
  177 00000008                 ENDP
  178 00000008         
  179 00000008         ; Dummy Exception Handlers (infinite loops which can be 
                       modified)
  180 00000008         
  181 00000008         NMI_Handler
                               PROC
  182 00000008                 EXPORT           NMI_Handler                [WEA
K]
  183 00000008 E7FE            B                .
  184 0000000A                 ENDP
  186 0000000A         HardFault_Handler
                               PROC
  187 0000000A                 EXPORT           HardFault_Handler          [WEA
K]
  188 0000000A E7FE            B                .
  189 0000000C                 ENDP
  191 0000000C         MemManage_Handler
                               PROC
  192 0000000C                 EXPORT           MemManage_Handler          [WEA
K]
  193 0000000C E7FE            B                .
  194 0000000E                 ENDP
  196 0000000E         BusFault_Handler
                               PROC
  197 0000000E                 EXPORT           BusFault_Handler           [WEA
K]
  198 0000000E E7FE            B                .
  199 00000010                 ENDP
  201 00000010         UsageFault_Handler
                               PROC
  202 00000010                 EXPORT           UsageFault_Handler         [WEA



ARM Macro Assembler    Page 6 


K]
  203 00000010 E7FE            B                .
  204 00000012                 ENDP
  205 00000012         SVC_Handler
                               PROC
  206 00000012                 EXPORT           SVC_Handler                [WEA
K]
  207 00000012 E7FE            B                .
  208 00000014                 ENDP
  210 00000014         DebugMon_Handler
                               PROC
  211 00000014                 EXPORT           DebugMon_Handler           [WEA
K]
  212 00000014 E7FE            B                .
  213 00000016                 ENDP
  214 00000016         PendSV_Handler
                               PROC
  215 00000016                 EXPORT           PendSV_Handler             [WEA
K]
  216 00000016 E7FE            B                .
  217 00000018                 ENDP
  218 00000018         SysTick_Handler
                               PROC
  219 00000018                 EXPORT           SysTick_Handler            [WEA
K]
  220 00000018 E7FE            B                .
  221 0000001A                 ENDP
  222 0000001A         
  223 0000001A         Default_Handler
                               PROC
  224 0000001A         
  225 0000001A                 EXPORT           WWDG_IRQHandler                
   [WEAK]
  226 0000001A                 EXPORT           PVD_PVM_IRQHandler             
   [WEAK]
  227 0000001A                 EXPORT           TAMP_STAMP_IRQHandler          
   [WEAK]
  228 0000001A                 EXPORT           RTC_WKUP_IRQHandler            
   [WEAK]
  229 0000001A                 EXPORT           FLASH_IRQHandler               
   [WEAK]
  230 0000001A                 EXPORT           RCC_IRQHandler                 
   [WEAK]
  231 0000001A                 EXPORT           EXTI0_IRQHandler               
   [WEAK]
  232 0000001A                 EXPORT           EXTI1_IRQHandler               
   [WEAK]
  233 0000001A                 EXPORT           EXTI2_IRQHandler               
   [WEAK]
  234 0000001A                 EXPORT           EXTI3_IRQHandler               
   [WEAK]
  235 0000001A                 EXPORT           EXTI4_IRQHandler               
   [WEAK]
  236 0000001A                 EXPORT           DMA1_Channel1_IRQHandler       
   [WEAK]
  237 0000001A                 EXPORT           DMA1_Channel2_IRQHandler       
   [WEAK]
  238 0000001A                 EXPORT           DMA1_Channel3_IRQHandler       
   [WEAK]



ARM Macro Assembler    Page 7 


  239 0000001A                 EXPORT           DMA1_Channel4_IRQHandler       
   [WEAK]
  240 0000001A                 EXPORT           DMA1_Channel5_IRQHandler       
   [WEAK]
  241 0000001A                 EXPORT           DMA1_Channel6_IRQHandler       
   [WEAK]
  242 0000001A                 EXPORT           DMA1_Channel7_IRQHandler       
   [WEAK]
  243 0000001A                 EXPORT           ADC1_IRQHandler                
   [WEAK]
  244 0000001A                 EXPORT           CAN1_TX_IRQHandler             
   [WEAK]
  245 0000001A                 EXPORT           CAN1_RX0_IRQHandler            
   [WEAK]
  246 0000001A                 EXPORT           CAN1_RX1_IRQHandler            
   [WEAK]
  247 0000001A                 EXPORT           CAN1_SCE_IRQHandler            
   [WEAK]
  248 0000001A                 EXPORT           EXTI9_5_IRQHandler             
   [WEAK]
  249 0000001A                 EXPORT           TIM1_BRK_TIM15_IRQHandler      
   [WEAK]
  250 0000001A                 EXPORT           TIM1_UP_TIM16_IRQHandler       
   [WEAK]
  251 0000001A                 EXPORT           TIM1_TRG_COM_IRQHandler        
   [WEAK]
  252 0000001A                 EXPORT           TIM1_CC_IRQHandler             
   [WEAK]
  253 0000001A                 EXPORT           TIM2_IRQHandler                
   [WEAK]
  254 0000001A                 EXPORT           I2C1_EV_IRQHandler             
   [WEAK]
  255 0000001A                 EXPORT           I2C1_ER_IRQHandler             
   [WEAK]
  256 0000001A                 EXPORT           SPI1_IRQHandler                
   [WEAK]
  257 0000001A                 EXPORT           USART1_IRQHandler              
   [WEAK]
  258 0000001A                 EXPORT           USART2_IRQHandler              
   [WEAK]
  259 0000001A                 EXPORT           EXTI15_10_IRQHandler           
   [WEAK]
  260 0000001A                 EXPORT           RTC_Alarm_IRQHandler           
   [WEAK]
  261 0000001A                 EXPORT           SPI3_IRQHandler                
   [WEAK]
  262 0000001A                 EXPORT           TIM6_DAC_IRQHandler            
   [WEAK]
  263 0000001A                 EXPORT           TIM7_IRQHandler                
   [WEAK]
  264 0000001A                 EXPORT           DMA2_Channel1_IRQHandler       
   [WEAK]
  265 0000001A                 EXPORT           DMA2_Channel2_IRQHandler       
   [WEAK]
  266 0000001A                 EXPORT           DMA2_Channel3_IRQHandler       
   [WEAK]
  267 0000001A                 EXPORT           DMA2_Channel4_IRQHandler       
   [WEAK]
  268 0000001A                 EXPORT           DMA2_Channel5_IRQHandler       



ARM Macro Assembler    Page 8 


   [WEAK]
  269 0000001A                 EXPORT           COMP_IRQHandler                
   [WEAK]
  270 0000001A                 EXPORT           LPTIM1_IRQHandler              
   [WEAK]
  271 0000001A                 EXPORT           LPTIM2_IRQHandler              
   [WEAK]
  272 0000001A                 EXPORT           USB_IRQHandler                 
   [WEAK]
  273 0000001A                 EXPORT           DMA2_Channel6_IRQHandler       
   [WEAK]
  274 0000001A                 EXPORT           DMA2_Channel7_IRQHandler       
   [WEAK]
  275 0000001A                 EXPORT           LPUART1_IRQHandler             
   [WEAK]
  276 0000001A                 EXPORT           QUADSPI_IRQHandler             
   [WEAK]
  277 0000001A                 EXPORT           I2C3_EV_IRQHandler             
   [WEAK]
  278 0000001A                 EXPORT           I2C3_ER_IRQHandler             
   [WEAK]
  279 0000001A                 EXPORT           SAI1_IRQHandler                
   [WEAK]
  280 0000001A                 EXPORT           SWPMI1_IRQHandler              
   [WEAK]
  281 0000001A                 EXPORT           TSC_IRQHandler                 
   [WEAK]
  282 0000001A                 EXPORT           RNG_IRQHandler                 
   [WEAK]
  283 0000001A                 EXPORT           FPU_IRQHandler                 
   [WEAK]
  284 0000001A                 EXPORT           CRS_IRQHandler                 
   [WEAK]
  285 0000001A         
  286 0000001A         WWDG_IRQHandler
  287 0000001A         PVD_PVM_IRQHandler
  288 0000001A         TAMP_STAMP_IRQHandler
  289 0000001A         RTC_WKUP_IRQHandler
  290 0000001A         FLASH_IRQHandler
  291 0000001A         RCC_IRQHandler
  292 0000001A         EXTI0_IRQHandler
  293 0000001A         EXTI1_IRQHandler
  294 0000001A         EXTI2_IRQHandler
  295 0000001A         EXTI3_IRQHandler
  296 0000001A         EXTI4_IRQHandler
  297 0000001A         DMA1_Channel1_IRQHandler
  298 0000001A         DMA1_Channel2_IRQHandler
  299 0000001A         DMA1_Channel3_IRQHandler
  300 0000001A         DMA1_Channel4_IRQHandler
  301 0000001A         DMA1_Channel5_IRQHandler
  302 0000001A         DMA1_Channel6_IRQHandler
  303 0000001A         DMA1_Channel7_IRQHandler
  304 0000001A         ADC1_IRQHandler
  305 0000001A         CAN1_TX_IRQHandler
  306 0000001A         CAN1_RX0_IRQHandler
  307 0000001A         CAN1_RX1_IRQHandler
  308 0000001A         CAN1_SCE_IRQHandler
  309 0000001A         EXTI9_5_IRQHandler
  310 0000001A         TIM1_BRK_TIM15_IRQHandler



ARM Macro Assembler    Page 9 


  311 0000001A         TIM1_UP_TIM16_IRQHandler
  312 0000001A         TIM1_TRG_COM_IRQHandler
  313 0000001A         TIM1_CC_IRQHandler
  314 0000001A         TIM2_IRQHandler
  315 0000001A         I2C1_EV_IRQHandler
  316 0000001A         I2C1_ER_IRQHandler
  317 0000001A         SPI1_IRQHandler
  318 0000001A         USART1_IRQHandler
  319 0000001A         USART2_IRQHandler
  320 0000001A         EXTI15_10_IRQHandler
  321 0000001A         RTC_Alarm_IRQHandler
  322 0000001A         SPI3_IRQHandler
  323 0000001A         TIM6_DAC_IRQHandler
  324 0000001A         TIM7_IRQHandler
  325 0000001A         DMA2_Channel1_IRQHandler
  326 0000001A         DMA2_Channel2_IRQHandler
  327 0000001A         DMA2_Channel3_IRQHandler
  328 0000001A         DMA2_Channel4_IRQHandler
  329 0000001A         DMA2_Channel5_IRQHandler
  330 0000001A         COMP_IRQHandler
  331 0000001A         LPTIM1_IRQHandler
  332 0000001A         LPTIM2_IRQHandler
  333 0000001A         USB_IRQHandler
  334 0000001A         DMA2_Channel6_IRQHandler
  335 0000001A         DMA2_Channel7_IRQHandler
  336 0000001A         LPUART1_IRQHandler
  337 0000001A         QUADSPI_IRQHandler
  338 0000001A         I2C3_EV_IRQHandler
  339 0000001A         I2C3_ER_IRQHandler
  340 0000001A         SAI1_IRQHandler
  341 0000001A         SWPMI1_IRQHandler
  342 0000001A         TSC_IRQHandler
  343 0000001A         RNG_IRQHandler
  344 0000001A         FPU_IRQHandler
  345 0000001A         CRS_IRQHandler
  346 0000001A         
  347 0000001A E7FE            B                .
  348 0000001C         
  349 0000001C                 ENDP
  350 0000001C         
  351 0000001C                 ALIGN
  352 0000001C         
  353 0000001C         ;*******************************************************
                       ************************
  354 0000001C         ; User Stack and Heap initialization
  355 0000001C         ;*******************************************************
                       ************************
  356 0000001C                 IF               :DEF:__MICROLIB
  363 0000001C         
  364 0000001C                 IMPORT           __use_two_region_memory
  365 0000001C                 EXPORT           __user_initial_stackheap
  366 0000001C         
  367 0000001C         __user_initial_stackheap
  368 0000001C         
  369 0000001C 4804            LDR              R0, =  Heap_Mem
  370 0000001E 4905            LDR              R1, =(Stack_Mem + Stack_Size)
  371 00000020 4A05            LDR              R2, = (Heap_Mem +  Heap_Size)
  372 00000022 4B06            LDR              R3, = Stack_Mem
  373 00000024 4770            BX               LR



ARM Macro Assembler    Page 10 


  374 00000026         
  375 00000026 00 00           ALIGN
  376 00000028         
  377 00000028                 ENDIF
  378 00000028         
  379 00000028                 END
              00000000 
              00000000 
              00000000 
              00000400 
              00000200 
              00000000 
Command Line: --debug --xref --diag_suppress=9931 --cpu=Cortex-M4.fp.sp --apcs=
interwork --depend=cmake-armcc\startup_stm32l432xx.d -ocmake-armcc\startup_stm3
2l432xx.o -I.\RTE\_CMake-armcc -IC:\Keil_v5\Arm\Packs\ARM\CMSIS\5.8.0\CMSIS\Cor
e\Include -IC:\Keil_v5\Arm\Packs\Keil\STM32L4xx_DFP\2.6.1\Drivers\CMSIS\Device\
ST\STM32L4xx\Include --predefine="__EVAL SETA 1" --predefine="__UVISION_VERSION
 SETA 536" --predefine="_RTE_ SETA 1" --predefine="STM32L432xx SETA 1" --predef
ine="_RTE_ SETA 1" --list=startup_stm32l432xx.lst startup_stm32l432xx.s



ARM Macro Assembler    Page 1 Alphabetic symbol ordering
Relocatable symbols

STACK 00000000

Symbol: STACK
   Definitions
      At line 33 in file startup_stm32l432xx.s
   Uses
      None
Comment: STACK unused
Stack_Mem 00000000

Symbol: Stack_Mem
   Definitions
      At line 34 in file startup_stm32l432xx.s
   Uses
      At line 370 in file startup_stm32l432xx.s
      At line 372 in file startup_stm32l432xx.s

__initial_sp 00000400

Symbol: __initial_sp
   Definitions
      At line 35 in file startup_stm32l432xx.s
   Uses
      At line 59 in file startup_stm32l432xx.s
Comment: __initial_sp used once
3 symbols



ARM Macro Assembler    Page 1 Alphabetic symbol ordering
Relocatable symbols

HEAP 00000000

Symbol: HEAP
   Definitions
      At line 44 in file startup_stm32l432xx.s
   Uses
      None
Comment: HEAP unused
Heap_Mem 00000000

Symbol: Heap_Mem
   Definitions
      At line 46 in file startup_stm32l432xx.s
   Uses
      At line 369 in file startup_stm32l432xx.s
      At line 371 in file startup_stm32l432xx.s

__heap_base 00000000

Symbol: __heap_base
   Definitions
      At line 45 in file startup_stm32l432xx.s
   Uses
      None
Comment: __heap_base unused
__heap_limit 00000200

Symbol: __heap_limit
   Definitions
      At line 47 in file startup_stm32l432xx.s
   Uses
      None
Comment: __heap_limit unused
4 symbols



ARM Macro Assembler    Page 1 Alphabetic symbol ordering
Relocatable symbols

RESET 00000000

Symbol: RESET
   Definitions
      At line 54 in file startup_stm32l432xx.s
   Uses
      None
Comment: RESET unused
__Vectors 00000000

Symbol: __Vectors
   Definitions
      At line 59 in file startup_stm32l432xx.s
   Uses
      At line 55 in file startup_stm32l432xx.s
      At line 163 in file startup_stm32l432xx.s

__Vectors_End 0000018C

Symbol: __Vectors_End
   Definitions
      At line 161 in file startup_stm32l432xx.s
   Uses
      At line 56 in file startup_stm32l432xx.s
      At line 163 in file startup_stm32l432xx.s

3 symbols



ARM Macro Assembler    Page 1 Alphabetic symbol ordering
Relocatable symbols

.text 00000000

Symbol: .text
   Definitions
      At line 165 in file startup_stm32l432xx.s
   Uses
      None
Comment: .text unused
ADC1_IRQHandler 0000001A

Symbol: ADC1_IRQHandler
   Definitions
      At line 304 in file startup_stm32l432xx.s
   Uses
      At line 95 in file startup_stm32l432xx.s
      At line 243 in file startup_stm32l432xx.s

BusFault_Handler 0000000E

Symbol: BusFault_Handler
   Definitions
      At line 196 in file startup_stm32l432xx.s
   Uses
      At line 64 in file startup_stm32l432xx.s
      At line 197 in file startup_stm32l432xx.s

CAN1_RX0_IRQHandler 0000001A

Symbol: CAN1_RX0_IRQHandler
   Definitions
      At line 306 in file startup_stm32l432xx.s
   Uses
      At line 97 in file startup_stm32l432xx.s
      At line 245 in file startup_stm32l432xx.s

CAN1_RX1_IRQHandler 0000001A

Symbol: CAN1_RX1_IRQHandler
   Definitions
      At line 307 in file startup_stm32l432xx.s
   Uses
      At line 98 in file startup_stm32l432xx.s
      At line 246 in file startup_stm32l432xx.s

CAN1_SCE_IRQHandler 0000001A

Symbol: CAN1_SCE_IRQHandler
   Definitions
      At line 308 in file startup_stm32l432xx.s
   Uses
      At line 99 in file startup_stm32l432xx.s
      At line 247 in file startup_stm32l432xx.s

CAN1_TX_IRQHandler 0000001A

Symbol: CAN1_TX_IRQHandler
   Definitions
      At line 305 in file startup_stm32l432xx.s
   Uses



ARM Macro Assembler    Page 2 Alphabetic symbol ordering
Relocatable symbols

      At line 96 in file startup_stm32l432xx.s
      At line 244 in file startup_stm32l432xx.s

COMP_IRQHandler 0000001A

Symbol: COMP_IRQHandler
   Definitions
      At line 330 in file startup_stm32l432xx.s
   Uses
      At line 141 in file startup_stm32l432xx.s
      At line 269 in file startup_stm32l432xx.s

CRS_IRQHandler 0000001A

Symbol: CRS_IRQHandler
   Definitions
      At line 345 in file startup_stm32l432xx.s
   Uses
      At line 159 in file startup_stm32l432xx.s
      At line 284 in file startup_stm32l432xx.s

DMA1_Channel1_IRQHandler 0000001A

Symbol: DMA1_Channel1_IRQHandler
   Definitions
      At line 297 in file startup_stm32l432xx.s
   Uses
      At line 88 in file startup_stm32l432xx.s
      At line 236 in file startup_stm32l432xx.s

DMA1_Channel2_IRQHandler 0000001A

Symbol: DMA1_Channel2_IRQHandler
   Definitions
      At line 298 in file startup_stm32l432xx.s
   Uses
      At line 89 in file startup_stm32l432xx.s
      At line 237 in file startup_stm32l432xx.s

DMA1_Channel3_IRQHandler 0000001A

Symbol: DMA1_Channel3_IRQHandler
   Definitions
      At line 299 in file startup_stm32l432xx.s
   Uses
      At line 90 in file startup_stm32l432xx.s
      At line 238 in file startup_stm32l432xx.s

DMA1_Channel4_IRQHandler 0000001A

Symbol: DMA1_Channel4_IRQHandler
   Definitions
      At line 300 in file startup_stm32l432xx.s
   Uses
      At line 91 in file startup_stm32l432xx.s
      At line 239 in file startup_stm32l432xx.s

DMA1_Channel5_IRQHandler 0000001A




ARM Macro Assembler    Page 3 Alphabetic symbol ordering
Relocatable symbols

Symbol: DMA1_Channel5_IRQHandler
   Definitions
      At line 301 in file startup_stm32l432xx.s
   Uses
      At line 92 in file startup_stm32l432xx.s
      At line 240 in file startup_stm32l432xx.s

DMA1_Channel6_IRQHandler 0000001A

Symbol: DMA1_Channel6_IRQHandler
   Definitions
      At line 302 in file startup_stm32l432xx.s
   Uses
      At line 93 in file startup_stm32l432xx.s
      At line 241 in file startup_stm32l432xx.s

DMA1_Channel7_IRQHandler 0000001A

Symbol: DMA1_Channel7_IRQHandler
   Definitions
      At line 303 in file startup_stm32l432xx.s
   Uses
      At line 94 in file startup_stm32l432xx.s
      At line 242 in file startup_stm32l432xx.s

DMA2_Channel1_IRQHandler 0000001A

Symbol: DMA2_Channel1_IRQHandler
   Definitions
      At line 325 in file startup_stm32l432xx.s
   Uses
      At line 133 in file startup_stm32l432xx.s
      At line 264 in file startup_stm32l432xx.s

DMA2_Channel2_IRQHandler 0000001A

Symbol: DMA2_Channel2_IRQHandler
   Definitions
      At line 326 in file startup_stm32l432xx.s
   Uses
      At line 134 in file startup_stm32l432xx.s
      At line 265 in file startup_stm32l432xx.s

DMA2_Channel3_IRQHandler 0000001A

Symbol: DMA2_Channel3_IRQHandler
   Definitions
      At line 327 in file startup_stm32l432xx.s
   Uses
      At line 135 in file startup_stm32l432xx.s
      At line 266 in file startup_stm32l432xx.s

DMA2_Channel4_IRQHandler 0000001A

Symbol: DMA2_Channel4_IRQHandler
   Definitions
      At line 328 in file startup_stm32l432xx.s
   Uses
      At line 136 in file startup_stm32l432xx.s



ARM Macro Assembler    Page 4 Alphabetic symbol ordering
Relocatable symbols

      At line 267 in file startup_stm32l432xx.s

DMA2_Channel5_IRQHandler 0000001A

Symbol: DMA2_Channel5_IRQHandler
   Definitions
      At line 329 in file startup_stm32l432xx.s
   Uses
      At line 137 in file startup_stm32l432xx.s
      At line 268 in file startup_stm32l432xx.s

DMA2_Channel6_IRQHandler 0000001A

Symbol: DMA2_Channel6_IRQHandler
   Definitions
      At line 334 in file startup_stm32l432xx.s
   Uses
      At line 145 in file startup_stm32l432xx.s
      At line 273 in file startup_stm32l432xx.s

DMA2_Channel7_IRQHandler 0000001A

Symbol: DMA2_Channel7_IRQHandler
   Definitions
      At line 335 in file startup_stm32l432xx.s
   Uses
      At line 146 in file startup_stm32l432xx.s
      At line 274 in file startup_stm32l432xx.s

DebugMon_Handler 00000014

Symbol: DebugMon_Handler
   Definitions
      At line 210 in file startup_stm32l432xx.s
   Uses
      At line 71 in file startup_stm32l432xx.s
      At line 211 in file startup_stm32l432xx.s

Default_Handler 0000001A

Symbol: Default_Handler
   Definitions
      At line 223 in file startup_stm32l432xx.s
   Uses
      None
Comment: Default_Handler unused
EXTI0_IRQHandler 0000001A

Symbol: EXTI0_IRQHandler
   Definitions
      At line 292 in file startup_stm32l432xx.s
   Uses
      At line 83 in file startup_stm32l432xx.s
      At line 231 in file startup_stm32l432xx.s

EXTI15_10_IRQHandler 0000001A

Symbol: EXTI15_10_IRQHandler
   Definitions



ARM Macro Assembler    Page 5 Alphabetic symbol ordering
Relocatable symbols

      At line 320 in file startup_stm32l432xx.s
   Uses
      At line 117 in file startup_stm32l432xx.s
      At line 259 in file startup_stm32l432xx.s

EXTI1_IRQHandler 0000001A

Symbol: EXTI1_IRQHandler
   Definitions
      At line 293 in file startup_stm32l432xx.s
   Uses
      At line 84 in file startup_stm32l432xx.s
      At line 232 in file startup_stm32l432xx.s

EXTI2_IRQHandler 0000001A

Symbol: EXTI2_IRQHandler
   Definitions
      At line 294 in file startup_stm32l432xx.s
   Uses
      At line 85 in file startup_stm32l432xx.s
      At line 233 in file startup_stm32l432xx.s

EXTI3_IRQHandler 0000001A

Symbol: EXTI3_IRQHandler
   Definitions
      At line 295 in file startup_stm32l432xx.s
   Uses
      At line 86 in file startup_stm32l432xx.s
      At line 234 in file startup_stm32l432xx.s

EXTI4_IRQHandler 0000001A

Symbol: EXTI4_IRQHandler
   Definitions
      At line 296 in file startup_stm32l432xx.s
   Uses
      At line 87 in file startup_stm32l432xx.s
      At line 235 in file startup_stm32l432xx.s

EXTI9_5_IRQHandler 0000001A

Symbol: EXTI9_5_IRQHandler
   Definitions
      At line 309 in file startup_stm32l432xx.s
   Uses
      At line 100 in file startup_stm32l432xx.s
      At line 248 in file startup_stm32l432xx.s

FLASH_IRQHandler 0000001A

Symbol: FLASH_IRQHandler
   Definitions
      At line 290 in file startup_stm32l432xx.s
   Uses
      At line 81 in file startup_stm32l432xx.s
      At line 229 in file startup_stm32l432xx.s




ARM Macro Assembler    Page 6 Alphabetic symbol ordering
Relocatable symbols

FPU_IRQHandler 0000001A

Symbol: FPU_IRQHandler
   Definitions
      At line 344 in file startup_stm32l432xx.s
   Uses
      At line 158 in file startup_stm32l432xx.s
      At line 283 in file startup_stm32l432xx.s

HardFault_Handler 0000000A

Symbol: HardFault_Handler
   Definitions
      At line 186 in file startup_stm32l432xx.s
   Uses
      At line 62 in file startup_stm32l432xx.s
      At line 187 in file startup_stm32l432xx.s

I2C1_ER_IRQHandler 0000001A

Symbol: I2C1_ER_IRQHandler
   Definitions
      At line 316 in file startup_stm32l432xx.s
   Uses
      At line 109 in file startup_stm32l432xx.s
      At line 255 in file startup_stm32l432xx.s

I2C1_EV_IRQHandler 0000001A

Symbol: I2C1_EV_IRQHandler
   Definitions
      At line 315 in file startup_stm32l432xx.s
   Uses
      At line 108 in file startup_stm32l432xx.s
      At line 254 in file startup_stm32l432xx.s

I2C3_ER_IRQHandler 0000001A

Symbol: I2C3_ER_IRQHandler
   Definitions
      At line 339 in file startup_stm32l432xx.s
   Uses
      At line 150 in file startup_stm32l432xx.s
      At line 278 in file startup_stm32l432xx.s

I2C3_EV_IRQHandler 0000001A

Symbol: I2C3_EV_IRQHandler
   Definitions
      At line 338 in file startup_stm32l432xx.s
   Uses
      At line 149 in file startup_stm32l432xx.s
      At line 277 in file startup_stm32l432xx.s

LPTIM1_IRQHandler 0000001A

Symbol: LPTIM1_IRQHandler
   Definitions
      At line 331 in file startup_stm32l432xx.s



ARM Macro Assembler    Page 7 Alphabetic symbol ordering
Relocatable symbols

   Uses
      At line 142 in file startup_stm32l432xx.s
      At line 270 in file startup_stm32l432xx.s

LPTIM2_IRQHandler 0000001A

Symbol: LPTIM2_IRQHandler
   Definitions
      At line 332 in file startup_stm32l432xx.s
   Uses
      At line 143 in file startup_stm32l432xx.s
      At line 271 in file startup_stm32l432xx.s

LPUART1_IRQHandler 0000001A

Symbol: LPUART1_IRQHandler
   Definitions
      At line 336 in file startup_stm32l432xx.s
   Uses
      At line 147 in file startup_stm32l432xx.s
      At line 275 in file startup_stm32l432xx.s

MemManage_Handler 0000000C

Symbol: MemManage_Handler
   Definitions
      At line 191 in file startup_stm32l432xx.s
   Uses
      At line 63 in file startup_stm32l432xx.s
      At line 192 in file startup_stm32l432xx.s

NMI_Handler 00000008

Symbol: NMI_Handler
   Definitions
      At line 181 in file startup_stm32l432xx.s
   Uses
      At line 61 in file startup_stm32l432xx.s
      At line 182 in file startup_stm32l432xx.s

PVD_PVM_IRQHandler 0000001A

Symbol: PVD_PVM_IRQHandler
   Definitions
      At line 287 in file startup_stm32l432xx.s
   Uses
      At line 78 in file startup_stm32l432xx.s
      At line 226 in file startup_stm32l432xx.s

PendSV_Handler 00000016

Symbol: PendSV_Handler
   Definitions
      At line 214 in file startup_stm32l432xx.s
   Uses
      At line 73 in file startup_stm32l432xx.s
      At line 215 in file startup_stm32l432xx.s

QUADSPI_IRQHandler 0000001A



ARM Macro Assembler    Page 8 Alphabetic symbol ordering
Relocatable symbols


Symbol: QUADSPI_IRQHandler
   Definitions
      At line 337 in file startup_stm32l432xx.s
   Uses
      At line 148 in file startup_stm32l432xx.s
      At line 276 in file startup_stm32l432xx.s

RCC_IRQHandler 0000001A

Symbol: RCC_IRQHandler
   Definitions
      At line 291 in file startup_stm32l432xx.s
   Uses
      At line 82 in file startup_stm32l432xx.s
      At line 230 in file startup_stm32l432xx.s

RNG_IRQHandler 0000001A

Symbol: RNG_IRQHandler
   Definitions
      At line 343 in file startup_stm32l432xx.s
   Uses
      At line 157 in file startup_stm32l432xx.s
      At line 282 in file startup_stm32l432xx.s

RTC_Alarm_IRQHandler 0000001A

Symbol: RTC_Alarm_IRQHandler
   Definitions
      At line 321 in file startup_stm32l432xx.s
   Uses
      At line 118 in file startup_stm32l432xx.s
      At line 260 in file startup_stm32l432xx.s

RTC_WKUP_IRQHandler 0000001A

Symbol: RTC_WKUP_IRQHandler
   Definitions
      At line 289 in file startup_stm32l432xx.s
   Uses
      At line 80 in file startup_stm32l432xx.s
      At line 228 in file startup_stm32l432xx.s

Reset_Handler 00000000

Symbol: Reset_Handler
   Definitions
      At line 168 in file startup_stm32l432xx.s
   Uses
      At line 60 in file startup_stm32l432xx.s
      At line 169 in file startup_stm32l432xx.s

SAI1_IRQHandler 0000001A

Symbol: SAI1_IRQHandler
   Definitions
      At line 340 in file startup_stm32l432xx.s
   Uses



ARM Macro Assembler    Page 9 Alphabetic symbol ordering
Relocatable symbols

      At line 151 in file startup_stm32l432xx.s
      At line 279 in file startup_stm32l432xx.s

SPI1_IRQHandler 0000001A

Symbol: SPI1_IRQHandler
   Definitions
      At line 317 in file startup_stm32l432xx.s
   Uses
      At line 112 in file startup_stm32l432xx.s
      At line 256 in file startup_stm32l432xx.s

SPI3_IRQHandler 0000001A

Symbol: SPI3_IRQHandler
   Definitions
      At line 322 in file startup_stm32l432xx.s
   Uses
      At line 128 in file startup_stm32l432xx.s
      At line 261 in file startup_stm32l432xx.s

SVC_Handler 00000012

Symbol: SVC_Handler
   Definitions
      At line 205 in file startup_stm32l432xx.s
   Uses
      At line 70 in file startup_stm32l432xx.s
      At line 206 in file startup_stm32l432xx.s

SWPMI1_IRQHandler 0000001A

Symbol: SWPMI1_IRQHandler
   Definitions
      At line 341 in file startup_stm32l432xx.s
   Uses
      At line 153 in file startup_stm32l432xx.s
      At line 280 in file startup_stm32l432xx.s

SysTick_Handler 00000018

Symbol: SysTick_Handler
   Definitions
      At line 218 in file startup_stm32l432xx.s
   Uses
      At line 74 in file startup_stm32l432xx.s
      At line 219 in file startup_stm32l432xx.s

TAMP_STAMP_IRQHandler 0000001A

Symbol: TAMP_STAMP_IRQHandler
   Definitions
      At line 288 in file startup_stm32l432xx.s
   Uses
      At line 79 in file startup_stm32l432xx.s
      At line 227 in file startup_stm32l432xx.s

TIM1_BRK_TIM15_IRQHandler 0000001A




ARM Macro Assembler    Page 10 Alphabetic symbol ordering
Relocatable symbols

Symbol: TIM1_BRK_TIM15_IRQHandler
   Definitions
      At line 310 in file startup_stm32l432xx.s
   Uses
      At line 101 in file startup_stm32l432xx.s
      At line 249 in file startup_stm32l432xx.s

TIM1_CC_IRQHandler 0000001A

Symbol: TIM1_CC_IRQHandler
   Definitions
      At line 313 in file startup_stm32l432xx.s
   Uses
      At line 104 in file startup_stm32l432xx.s
      At line 252 in file startup_stm32l432xx.s

TIM1_TRG_COM_IRQHandler 0000001A

Symbol: TIM1_TRG_COM_IRQHandler
   Definitions
      At line 312 in file startup_stm32l432xx.s
   Uses
      At line 103 in file startup_stm32l432xx.s
      At line 251 in file startup_stm32l432xx.s

TIM1_UP_TIM16_IRQHandler 0000001A

Symbol: TIM1_UP_TIM16_IRQHandler
   Definitions
      At line 311 in file startup_stm32l432xx.s
   Uses
      At line 102 in file startup_stm32l432xx.s
      At line 250 in file startup_stm32l432xx.s

TIM2_IRQHandler 0000001A

Symbol: TIM2_IRQHandler
   Definitions
      At line 314 in file startup_stm32l432xx.s
   Uses
      At line 105 in file startup_stm32l432xx.s
      At line 253 in file startup_stm32l432xx.s

TIM6_DAC_IRQHandler 0000001A

Symbol: TIM6_DAC_IRQHandler
   Definitions
      At line 323 in file startup_stm32l432xx.s
   Uses
      At line 131 in file startup_stm32l432xx.s
      At line 262 in file startup_stm32l432xx.s

TIM7_IRQHandler 0000001A

Symbol: TIM7_IRQHandler
   Definitions
      At line 324 in file startup_stm32l432xx.s
   Uses
      At line 132 in file startup_stm32l432xx.s



ARM Macro Assembler    Page 11 Alphabetic symbol ordering
Relocatable symbols

      At line 263 in file startup_stm32l432xx.s

TSC_IRQHandler 0000001A

Symbol: TSC_IRQHandler
   Definitions
      At line 342 in file startup_stm32l432xx.s
   Uses
      At line 154 in file startup_stm32l432xx.s
      At line 281 in file startup_stm32l432xx.s

USART1_IRQHandler 0000001A

Symbol: USART1_IRQHandler
   Definitions
      At line 318 in file startup_stm32l432xx.s
   Uses
      At line 114 in file startup_stm32l432xx.s
      At line 257 in file startup_stm32l432xx.s

USART2_IRQHandler 0000001A

Symbol: USART2_IRQHandler
   Definitions
      At line 319 in file startup_stm32l432xx.s
   Uses
      At line 115 in file startup_stm32l432xx.s
      At line 258 in file startup_stm32l432xx.s

USB_IRQHandler 0000001A

Symbol: USB_IRQHandler
   Definitions
      At line 333 in file startup_stm32l432xx.s
   Uses
      At line 144 in file startup_stm32l432xx.s
      At line 272 in file startup_stm32l432xx.s

UsageFault_Handler 00000010

Symbol: UsageFault_Handler
   Definitions
      At line 201 in file startup_stm32l432xx.s
   Uses
      At line 65 in file startup_stm32l432xx.s
      At line 202 in file startup_stm32l432xx.s

WWDG_IRQHandler 0000001A

Symbol: WWDG_IRQHandler
   Definitions
      At line 286 in file startup_stm32l432xx.s
   Uses
      At line 77 in file startup_stm32l432xx.s
      At line 225 in file startup_stm32l432xx.s

__user_initial_stackheap 0000001C

Symbol: __user_initial_stackheap



ARM Macro Assembler    Page 12 Alphabetic symbol ordering
Relocatable symbols

   Definitions
      At line 367 in file startup_stm32l432xx.s
   Uses
      At line 365 in file startup_stm32l432xx.s
Comment: __user_initial_stackheap used once
73 symbols



ARM Macro Assembler    Page 1 Alphabetic symbol ordering
Absolute symbols

Heap_Size 00000200

Symbol: Heap_Size
   Definitions
      At line 42 in file startup_stm32l432xx.s
   Uses
      At line 46 in file startup_stm32l432xx.s
      At line 371 in file startup_stm32l432xx.s

Stack_Size 00000400

Symbol: Stack_Size
   Definitions
      At line 31 in file startup_stm32l432xx.s
   Uses
      At line 34 in file startup_stm32l432xx.s
      At line 370 in file startup_stm32l432xx.s

__Vectors_Size 0000018C

Symbol: __Vectors_Size
   Definitions
      At line 163 in file startup_stm32l432xx.s
   Uses
      At line 57 in file startup_stm32l432xx.s
Comment: __Vectors_Size used once
3 symbols



ARM Macro Assembler    Page 1 Alphabetic symbol ordering
External symbols

SystemInit 00000000

Symbol: SystemInit
   Definitions
      At line 170 in file startup_stm32l432xx.s
   Uses
      At line 173 in file startup_stm32l432xx.s
Comment: SystemInit used once
__main 00000000

Symbol: __main
   Definitions
      At line 171 in file startup_stm32l432xx.s
   Uses
      At line 175 in file startup_stm32l432xx.s
Comment: __main used once
__use_two_region_memory 00000000

Symbol: __use_two_region_memory
   Definitions
      At line 364 in file startup_stm32l432xx.s
   Uses
      None
Comment: __use_two_region_memory unused
3 symbols
428 symbols in table
